<?xml version="1.0" encoding="UTF-8"?>
<testng-results skipped="0" failed="0" ignored="0" total="2" passed="2">
  <reporter-output>
  </reporter-output>
  <suite name="Suite" duration-ms="9619" started-at="2019-04-16T08:42:09Z" finished-at="2019-04-16T08:42:18Z">
    <groups>
    </groups>
    <test name="OpenURL" duration-ms="9619" started-at="2019-04-16T08:42:09Z" finished-at="2019-04-16T08:42:18Z">
      <class name="ExtentReport.ExtentReport.OpenURL">
        <test-method status="PASS" signature="Openbrowser()[pri:0, instance:ExtentReport.ExtentReport.OpenURL@26ba2a48]" name="Openbrowser" duration-ms="8838" started-at="2019-04-16T09:42:09Z" finished-at="2019-04-16T09:42:17Z">
          <reporter-output>
          </reporter-output>
        </test-method> <!-- Openbrowser -->
        <test-method status="PASS" signature="checkTitle()[pri:0, instance:ExtentReport.ExtentReport.OpenURL@26ba2a48]" name="checkTitle" duration-ms="109" started-at="2019-04-16T09:42:17Z" finished-at="2019-04-16T09:42:17Z">
          <reporter-output>
          </reporter-output>
        </test-method> <!-- checkTitle -->
        <test-method status="PASS" signature="Closedriver()[pri:0, instance:ExtentReport.ExtentReport.OpenURL@26ba2a48]" name="Closedriver" is-config="true" duration-ms="672" started-at="2019-04-16T09:42:17Z" finished-at="2019-04-16T09:42:18Z">
          <reporter-output>
          </reporter-output>
        </test-method> <!-- Closedriver -->
      </class> <!-- ExtentReport.ExtentReport.OpenURL -->
    </test> <!-- OpenURL -->
  </suite> <!-- Suite -->
</testng-results>
