<?xml version="1.0" encoding="UTF-8"?>
<testng-results skipped="0" failed="0" ignored="0" total="2" passed="2">
  <reporter-output>
  </reporter-output>
  <suite name="Default suite" duration-ms="7829" started-at="2019-04-11T11:15:31Z" finished-at="2019-04-11T11:15:38Z">
    <groups>
    </groups>
    <test name="Default test" duration-ms="7829" started-at="2019-04-11T11:15:31Z" finished-at="2019-04-11T11:15:38Z">
      <class name="ExtentReport.ExtentReport.OpenURL">
        <test-method status="PASS" signature="Openbrowser()[pri:0, instance:ExtentReport.ExtentReport.OpenURL@29ee9faa]" name="Openbrowser" duration-ms="7128" started-at="2019-04-11T12:15:31Z" finished-at="2019-04-11T12:15:38Z">
          <reporter-output>
          </reporter-output>
        </test-method> <!-- Openbrowser -->
        <test-method status="PASS" signature="checkTitle()[pri:0, instance:ExtentReport.ExtentReport.OpenURL@29ee9faa]" name="checkTitle" duration-ms="15" started-at="2019-04-11T12:15:38Z" finished-at="2019-04-11T12:15:38Z">
          <reporter-output>
          </reporter-output>
        </test-method> <!-- checkTitle -->
        <test-method status="PASS" signature="Closedriver()[pri:0, instance:ExtentReport.ExtentReport.OpenURL@29ee9faa]" name="Closedriver" is-config="true" duration-ms="654" started-at="2019-04-11T12:15:38Z" finished-at="2019-04-11T12:15:38Z">
          <reporter-output>
          </reporter-output>
        </test-method> <!-- Closedriver -->
      </class> <!-- ExtentReport.ExtentReport.OpenURL -->
    </test> <!-- Default test -->
  </suite> <!-- Default suite -->
</testng-results>
